<?xml version="1.0" encoding="UTF-8"?>
<testng-results ignored="0" total="2" passed="2" failed="0" skipped="0">
  <reporter-output>
  </reporter-output>
  <suite started-at="2024-06-21T18:58:04 IST" name="Task24 Suite" finished-at="2024-06-21T18:58:23 IST" duration-ms="19515">
    <groups>
    </groups>
    <test started-at="2024-06-21T18:58:04 IST" name="Test" finished-at="2024-06-21T18:58:23 IST" duration-ms="19515">
      <class name="tests.LoginTest">
        <test-method is-config="true" signature="setUpMethod()[pri:0, instance:tests.LoginTest@20f5239f]" started-at="2024-06-21T18:58:12 IST" name="setUpMethod" finished-at="2024-06-21T18:58:15 IST" duration-ms="2612" status="PASS">
          <reporter-output>
          </reporter-output>
        </test-method> <!-- setUpMethod -->
        <test-method signature="testLogin()[pri:0, instance:tests.LoginTest@20f5239f]" started-at="2024-06-21T18:58:15 IST" name="testLogin" finished-at="2024-06-21T18:58:23 IST" duration-ms="8480" status="PASS">
          <reporter-output>
          </reporter-output>
        </test-method> <!-- testLogin -->
        <test-method is-config="true" signature="tearDownMethod()[pri:0, instance:tests.LoginTest@20f5239f]" started-at="2024-06-21T18:58:23 IST" name="tearDownMethod" finished-at="2024-06-21T18:58:23 IST" duration-ms="303" status="PASS">
          <reporter-output>
          </reporter-output>
        </test-method> <!-- tearDownMethod -->
      </class> <!-- tests.LoginTest -->
      <class name="tests.SignUpTest">
        <test-method is-config="true" signature="setUpMethod()[pri:0, instance:tests.SignUpTest@193f604a]" started-at="2024-06-21T18:58:04 IST" name="setUpMethod" finished-at="2024-06-21T18:58:07 IST" duration-ms="2949" status="PASS">
          <reporter-output>
          </reporter-output>
        </test-method> <!-- setUpMethod -->
        <test-method signature="testSignUp()[pri:0, instance:tests.SignUpTest@193f604a]" started-at="2024-06-21T18:58:07 IST" name="testSignUp" finished-at="2024-06-21T18:58:12 IST" duration-ms="4884" status="PASS">
          <reporter-output>
          </reporter-output>
        </test-method> <!-- testSignUp -->
        <test-method is-config="true" signature="tearDownMethod()[pri:0, instance:tests.SignUpTest@193f604a]" started-at="2024-06-21T18:58:12 IST" name="tearDownMethod" finished-at="2024-06-21T18:58:12 IST" duration-ms="238" status="PASS">
          <reporter-output>
          </reporter-output>
        </test-method> <!-- tearDownMethod -->
      </class> <!-- tests.SignUpTest -->
    </test> <!-- Test -->
  </suite> <!-- Task24 Suite -->
</testng-results>
